Mobile Computing Lab (Android Studio)/Kishaanth/SMS/app/build/intermediates/manifest_merge_blame_file/debug/manifest-merger-blame-debug-report.txt
1<?xml version="1.0" encoding="utf-8"?>
2<manifest xmlns:android="http://schemas.android.com/apk/res/android"
3    package="com.example.sms"
4    android:versionCode="1"
5    android:versionName="1.0" >
6
7    <uses-sdk
8        android:minSdkVersion="24"
9        android:targetSdkVersion="31" />
10
11    <uses-feature
11-->src\main\AndroidManifest.xml:5:5-7:36
12        android:name="android.hardware.telephony"
12-->src\main\AndroidManifest.xml:6:9-50
13        android:required="false" />
13-->src\main\AndroidManifest.xml:7:9-33
14
15    <uses-permission android:name="android.permission.SEND_SMS" />
15-->src\main\AndroidManifest.xml:9:5-67
15-->src\main\AndroidManifest.xml:9:22-64
16    <uses-permission android:name="android.permission.RECEIVE_SMS" />
16-->src\main\AndroidManifest.xml:10:5-70
16-->src\main\AndroidManifest.xml:10:22-67
17    <uses-permission android:name="android.permission.RECEIVE_BOOT_COMPLETED" />
17-->src\main\AndroidManifest.xml:11:5-81
17-->src\main\AndroidManifest.xml:11:22-78
18    <uses-permission android:name="android.permission.WAKE_LOCK" />
18-->src\main\AndroidManifest.xml:12:5-68
18-->src\main\AndroidManifest.xml:12:22-65
19    <uses-permission android:name="android.permission.INTERNET" />
19-->src\main\AndroidManifest.xml:13:5-67
19-->src\main\AndroidManifest.xml:13:22-64
20
21    <application
21-->src\main\AndroidManifest.xml:15:5-43:19
22        android:allowBackup="true"
22-->src\main\AndroidManifest.xml:16:9-35
23        android:appComponentFactory="androidx.core.app.CoreComponentFactory"
23-->[androidx.core:core:1.7.0] AndroidManifest.xml:24:18-86
24        android:dataExtractionRules="@xml/data_extraction_rules"
24-->src\main\AndroidManifest.xml:17:9-65
25        android:debuggable="true"
26        android:extractNativeLibs="false"
27        android:fullBackupContent="@xml/backup_rules"
27-->src\main\AndroidManifest.xml:18:9-54
28        android:icon="@mipmap/ic_launcher"
28-->src\main\AndroidManifest.xml:19:9-43
29        android:label="@string/app_name"
29-->src\main\AndroidManifest.xml:20:9-41
30        android:roundIcon="@mipmap/ic_launcher_round"
30-->src\main\AndroidManifest.xml:21:9-54
31        android:supportsRtl="true"
31-->src\main\AndroidManifest.xml:22:9-35
32        android:testOnly="true"
33        android:theme="@style/Theme.SMS" >
33-->src\main\AndroidManifest.xml:23:9-41
34        <receiver
34-->src\main\AndroidManifest.xml:25:9-32:20
35            android:name="com.example.sms.SmsReceiver"
35-->src\main\AndroidManifest.xml:26:13-40
36            android:enabled="true"
36-->src\main\AndroidManifest.xml:27:13-35
37            android:exported="false" >
37-->src\main\AndroidManifest.xml:28:13-37
38            <intent-filter>
38-->src\main\AndroidManifest.xml:29:13-31:29
39                <action android:name="android.provider.Telephony.SMS_RECEIVED" />
39-->src\main\AndroidManifest.xml:30:17-82
39-->src\main\AndroidManifest.xml:30:25-79
40            </intent-filter>
41        </receiver>
42
43        <activity
43-->src\main\AndroidManifest.xml:34:9-42:20
44            android:name="com.example.sms.MainActivity"
44-->src\main\AndroidManifest.xml:35:13-41
45            android:exported="true" >
45-->src\main\AndroidManifest.xml:36:13-36
46            <intent-filter>
46-->src\main\AndroidManifest.xml:37:13-41:29
47                <action android:name="android.intent.action.MAIN" />
47-->src\main\AndroidManifest.xml:38:17-69
47-->src\main\AndroidManifest.xml:38:25-66
48
49                <category android:name="android.intent.category.LAUNCHER" />
49-->src\main\AndroidManifest.xml:40:17-77
49-->src\main\AndroidManifest.xml:40:27-74
50            </intent-filter>
51        </activity>
52
53        <provider
53-->[androidx.emoji2:emoji2:1.0.0] AndroidManifest.xml:26:9-34:20
54            android:name="androidx.startup.InitializationProvider"
54-->[androidx.emoji2:emoji2:1.0.0] AndroidManifest.xml:27:13-67
55            android:authorities="com.example.sms.androidx-startup"
55-->[androidx.emoji2:emoji2:1.0.0] AndroidManifest.xml:28:13-68
56            android:exported="false" >
56-->[androidx.emoji2:emoji2:1.0.0] AndroidManifest.xml:29:13-37
57            <meta-data
57-->[androidx.emoji2:emoji2:1.0.0] AndroidManifest.xml:31:13-33:52
58                android:name="androidx.emoji2.text.EmojiCompatInitializer"
58-->[androidx.emoji2:emoji2:1.0.0] AndroidManifest.xml:32:17-75
59                android:value="androidx.startup" />
59-->[androidx.emoji2:emoji2:1.0.0] AndroidManifest.xml:33:17-49
60            <meta-data
60-->[androidx.lifecycle:lifecycle-process:2.4.0] AndroidManifest.xml:31:13-33:52
61                android:name="androidx.lifecycle.ProcessLifecycleInitializer"
61-->[androidx.lifecycle:lifecycle-process:2.4.0] AndroidManifest.xml:32:17-78
62                android:value="androidx.startup" />
62-->[androidx.lifecycle:lifecycle-process:2.4.0] AndroidManifest.xml:33:17-49
63        </provider>
64    </application>
65
66</manifest>